(INFO) thread run
(INFO) Target Job: EnterpriseSimple
(INFO) Target Prepare: EnterpriseSimplePrepare<class 'EnterpriseSimple.prepare.EnterpriseSimplePrepare'>
(INFO) Target Schemes list: ['HomePageAction', 'Viewstate', 'NextPageAction', 'Viewstate', 'EnterpriseSimpleParse']
(INFO) Target Models: ['EnterpriseSimpleModel']
(INFO) Target Process: ['EnterpriseSimpleProcess']
wait for get proxy. number:  32
finish. status: 200
(DEBUG) [Pipeline] feed model start. Model: ProxyModel  number: 32
(INFO) [Pipeline] feed model finish. Model: ProxyModel  remained number: 32
Traceback (most recent call last):
  File "trigger.py", line 11, in <module>
    build_run(None, sys.argv)
  File "/home/ubuntu/wf/ScrapyUtils/base/command.py", line 13, in build_run
    thread_run(args[2])
  File "/home/ubuntu/wf/ScrapyUtils/base/engine.py", line 110, in thread_run
    [t.join() for t in thread_List]
  File "/home/ubuntu/wf/ScrapyUtils/base/engine.py", line 110, in <listcomp>
    [t.join() for t in thread_List]
  File "/usr/lib/python3.6/threading.py", line 1056, in join
    self._wait_for_tstate_lock()
  File "/usr/lib/python3.6/threading.py", line 1072, in _wait_for_tstate_lock
    elif lock.acquire(block, timeout):
KeyboardInterrupt
