(INFO) thread run
(INFO) Target Job: EnterpriseSimple
(INFO) Target Prepare: EnterpriseSimplePrepare<class 'EnterpriseSimple.prepare.EnterpriseSimplePrepare'>
(INFO) Target Schemes list: ['HomePageAction', 'Viewstate', 'NextPageAction', 'Viewstate', 'EnterpriseSimpleParse']
(INFO) Target Models: ['EnterpriseSimpleModel']
(INFO) Target Process: ['EnterpriseSimpleProcess']
wait for get proxy. number:  20
finish. status: 200
(DEBUG) [Pipeline] feed model start. Model: ProxyModel  number: 20
(INFO) [Pipeline] feed model finish. Model: ProxyModel  remained number: 20
2019-02-28 11:10:56,872 - (Thread-7) - run [INFO] success. Task url:http://jst.sc.gov.cn/xmgk/QueryInfo/Ente/EnteList.aspx param 4 count - 0
2019-02-28 11:10:56,974 - (Thread-12) - run [INFO] success. Task url:http://jst.sc.gov.cn/xmgk/QueryInfo/Ente/EnteList.aspx param 1 count - 0
2019-02-28 11:10:57,717 - (Thread-11) - run [INFO] success. Task url:http://jst.sc.gov.cn/xmgk/QueryInfo/Ente/EnteList.aspx param 7 count - 0
2019-02-28 11:10:57,929 - (Thread-7) - run [INFO] success. Task url:http://jst.sc.gov.cn/xmgk/QueryInfo/Ente/EnteList.aspx param 11 count - 0
2019-02-28 11:10:57,948 - (Thread-5) - run [INFO] success. Task url:http://jst.sc.gov.cn/xmgk/QueryInfo/Ente/EnteList.aspx param 8 count - 0
2019-02-28 11:10:58,459 - (Thread-12) - run [INFO] success. Task url:http://jst.sc.gov.cn/xmgk/QueryInfo/Ente/EnteList.aspx param 12 count - 0
2019-02-28 11:10:58,934 - (Thread-11) - run [INFO] success. Task url:http://jst.sc.gov.cn/xmgk/QueryInfo/Ente/EnteList.aspx param 13 count - 0
2019-02-28 11:10:58,989 - (Thread-3) - run [INFO] success. Task url:http://jst.sc.gov.cn/xmgk/QueryInfo/Ente/EnteList.aspx param 10 count - 0
2019-02-28 11:10:59,252 - (Thread-4) - run [INFO] success. Task url:http://jst.sc.gov.cn/xmgk/QueryInfo/Ente/EnteList.aspx param 9 count - 0
2019-02-28 11:10:59,522 - (Thread-7) - run [INFO] success. Task url:http://jst.sc.gov.cn/xmgk/QueryInfo/Ente/EnteList.aspx param 14 count - 0
2019-02-28 11:10:59,744 - (Thread-9) - run [INFO] success. Task url:http://jst.sc.gov.cn/xmgk/QueryInfo/Ente/EnteList.aspx param 3 count - 0
2019-02-28 11:11:00,259 - (Thread-8) - run [INFO] success. Task url:http://jst.sc.gov.cn/xmgk/QueryInfo/Ente/EnteList.aspx param 2 count - 0
2019-02-28 11:11:00,371 - (Thread-5) - run [INFO] success. Task url:http://jst.sc.gov.cn/xmgk/QueryInfo/Ente/EnteList.aspx param 15 count - 0
2019-02-28 11:11:00,531 - (Thread-12) - run [INFO] success. Task url:http://jst.sc.gov.cn/xmgk/QueryInfo/Ente/EnteList.aspx param 16 count - 0
2019-02-28 11:11:01,041 - (Thread-11) - run [INFO] success. Task url:http://jst.sc.gov.cn/xmgk/QueryInfo/Ente/EnteList.aspx param 17 count - 0
2019-02-28 11:11:01,338 - (Thread-3) - run [INFO] success. Task url:http://jst.sc.gov.cn/xmgk/QueryInfo/Ente/EnteList.aspx param 18 count - 0
2019-02-28 11:11:01,828 - (Thread-6) - run [INFO] success. Task url:http://jst.sc.gov.cn/xmgk/QueryInfo/Ente/EnteList.aspx param 6 count - 0
2019-02-28 11:11:01,961 - (Thread-4) - run [INFO] success. Task url:http://jst.sc.gov.cn/xmgk/QueryInfo/Ente/EnteList.aspx param 19 count - 0
2019-02-28 11:11:02,436 - (Thread-7) - run [INFO] success. Task url:http://jst.sc.gov.cn/xmgk/QueryInfo/Ente/EnteList.aspx param 20 count - 0
2019-02-28 11:11:02,885 - (Thread-9) - run [INFO] success. Task url:http://jst.sc.gov.cn/xmgk/QueryInfo/Ente/EnteList.aspx param 21 count - 0
2019-02-28 11:11:03,081 - (Thread-10) - run [INFO] success. Task url:http://jst.sc.gov.cn/xmgk/QueryInfo/Ente/EnteList.aspx param 5 count - 0
2019-02-28 11:11:03,381 - (Thread-8) - run [INFO] success. Task url:http://jst.sc.gov.cn/xmgk/QueryInfo/Ente/EnteList.aspx param 22 count - 0
2019-02-28 11:11:04,374 - (Thread-5) - run [INFO] success. Task url:http://jst.sc.gov.cn/xmgk/QueryInfo/Ente/EnteList.aspx param 23 count - 0
2019-02-28 11:11:04,729 - (Thread-12) - run [INFO] success. Task url:http://jst.sc.gov.cn/xmgk/QueryInfo/Ente/EnteList.aspx param 24 count - 0
2019-02-28 11:11:04,943 - (Thread-11) - run [INFO] success. Task url:http://jst.sc.gov.cn/xmgk/QueryInfo/Ente/EnteList.aspx param 25 count - 0
2019-02-28 11:11:05,398 - (Thread-3) - run [INFO] success. Task url:http://jst.sc.gov.cn/xmgk/QueryInfo/Ente/EnteList.aspx param 26 count - 0
2019-02-28 11:11:05,999 - (Thread-6) - run [INFO] success. Task url:http://jst.sc.gov.cn/xmgk/QueryInfo/Ente/EnteList.aspx param 27 count - 0
2019-02-28 11:11:06,501 - (Thread-4) - run [INFO] success. Task url:http://jst.sc.gov.cn/xmgk/QueryInfo/Ente/EnteList.aspx param 28 count - 0
2019-02-28 11:11:07,015 - (Thread-7) - run [INFO] success. Task url:http://jst.sc.gov.cn/xmgk/QueryInfo/Ente/EnteList.aspx param 29 count - 0
2019-02-28 11:11:07,461 - (Thread-9) - run [INFO] success. Task url:http://jst.sc.gov.cn/xmgk/QueryInfo/Ente/EnteList.aspx param 30 count - 0
2019-02-28 11:11:08,442 - (Thread-8) - run [INFO] success. Task url:http://jst.sc.gov.cn/xmgk/QueryInfo/Ente/EnteList.aspx param 32 count - 0
2019-02-28 11:11:09,240 - (Thread-5) - run [INFO] success. Task url:http://jst.sc.gov.cn/xmgk/QueryInfo/Ente/EnteList.aspx param 33 count - 0
2019-02-28 11:11:09,709 - (Thread-12) - run [INFO] success. Task url:http://jst.sc.gov.cn/xmgk/QueryInfo/Ente/EnteList.aspx param 34 count - 0
2019-02-28 11:11:09,995 - (Thread-11) - run [INFO] success. Task url:http://jst.sc.gov.cn/xmgk/QueryInfo/Ente/EnteList.aspx param 35 count - 0
2019-02-28 11:11:10,434 - (Thread-3) - run [INFO] success. Task url:http://jst.sc.gov.cn/xmgk/QueryInfo/Ente/EnteList.aspx param 36 count - 0
2019-02-28 11:11:10,502 - (Thread-10) - run [INFO] success. Task url:http://jst.sc.gov.cn/xmgk/QueryInfo/Ente/EnteList.aspx param 31 count - 0
2019-02-28 11:11:11,048 - (Thread-6) - run [INFO] success. Task url:http://jst.sc.gov.cn/xmgk/QueryInfo/Ente/EnteList.aspx param 37 count - 0
2019-02-28 11:11:11,660 - (Thread-4) - run [INFO] success. Task url:http://jst.sc.gov.cn/xmgk/QueryInfo/Ente/EnteList.aspx param 38 count - 0
2019-02-28 11:11:12,135 - (Thread-7) - run [INFO] success. Task url:http://jst.sc.gov.cn/xmgk/QueryInfo/Ente/EnteList.aspx param 39 count - 0
2019-02-28 11:11:12,853 - (Thread-9) - run [INFO] success. Task url:http://jst.sc.gov.cn/xmgk/QueryInfo/Ente/EnteList.aspx param 40 count - 0
2019-02-28 11:11:13,199 - (Thread-8) - run [INFO] success. Task url:http://jst.sc.gov.cn/xmgk/QueryInfo/Ente/EnteList.aspx param 41 count - 0
2019-02-28 11:11:14,024 - (Thread-5) - run [INFO] success. Task url:http://jst.sc.gov.cn/xmgk/QueryInfo/Ente/EnteList.aspx param 42 count - 0
2019-02-28 11:11:14,215 - (Thread-12) - run [INFO] success. Task url:http://jst.sc.gov.cn/xmgk/QueryInfo/Ente/EnteList.aspx param 43 count - 0
2019-02-28 11:11:14,532 - (Thread-11) - run [INFO] success. Task url:http://jst.sc.gov.cn/xmgk/QueryInfo/Ente/EnteList.aspx param 44 count - 0
2019-02-28 11:11:14,943 - (Thread-3) - run [INFO] success. Task url:http://jst.sc.gov.cn/xmgk/QueryInfo/Ente/EnteList.aspx param 45 count - 0
2019-02-28 11:11:16,104 - (Thread-6) - run [INFO] success. Task url:http://jst.sc.gov.cn/xmgk/QueryInfo/Ente/EnteList.aspx param 47 count - 0
2019-02-28 11:11:16,130 - (Thread-10) - run [INFO] success. Task url:http://jst.sc.gov.cn/xmgk/QueryInfo/Ente/EnteList.aspx param 46 count - 0
2019-02-28 11:11:16,628 - (Thread-4) - run [INFO] success. Task url:http://jst.sc.gov.cn/xmgk/QueryInfo/Ente/EnteList.aspx param 48 count - 0
2019-02-28 11:11:17,033 - (Thread-7) - run [INFO] success. Task url:http://jst.sc.gov.cn/xmgk/QueryInfo/Ente/EnteList.aspx param 49 count - 0
2019-02-28 11:11:17,718 - (Thread-9) - run [INFO] success. Task url:http://jst.sc.gov.cn/xmgk/QueryInfo/Ente/EnteList.aspx param 50 count - 0
2019-02-28 11:11:18,034 - (Thread-8) - run [INFO] success. Task url:http://jst.sc.gov.cn/xmgk/QueryInfo/Ente/EnteList.aspx param 51 count - 0
2019-02-28 11:11:19,016 - (Thread-5) - run [INFO] success. Task url:http://jst.sc.gov.cn/xmgk/QueryInfo/Ente/EnteList.aspx param 52 count - 0
2019-02-28 11:11:19,124 - (Thread-12) - run [INFO] success. Task url:http://jst.sc.gov.cn/xmgk/QueryInfo/Ente/EnteList.aspx param 53 count - 0
2019-02-28 11:11:19,571 - (Thread-11) - run [INFO] success. Task url:http://jst.sc.gov.cn/xmgk/QueryInfo/Ente/EnteList.aspx param 54 count - 0
2019-02-28 11:11:20,085 - (Thread-3) - run [INFO] success. Task url:http://jst.sc.gov.cn/xmgk/QueryInfo/Ente/EnteList.aspx param 55 count - 0
2019-02-28 11:11:20,594 - (Thread-6) - run [INFO] success. Task url:http://jst.sc.gov.cn/xmgk/QueryInfo/Ente/EnteList.aspx param 56 count - 0
2019-02-28 11:11:21,770 - (Thread-4) - run [INFO] success. Task url:http://jst.sc.gov.cn/xmgk/QueryInfo/Ente/EnteList.aspx param 58 count - 0
2019-02-28 11:11:21,814 - (Thread-10) - run [INFO] success. Task url:http://jst.sc.gov.cn/xmgk/QueryInfo/Ente/EnteList.aspx param 57 count - 0
2019-02-28 11:11:22,149 - (Thread-7) - run [INFO] success. Task url:http://jst.sc.gov.cn/xmgk/QueryInfo/Ente/EnteList.aspx param 59 count - 0
2019-02-28 11:11:22,698 - (Thread-9) - run [INFO] success. Task url:http://jst.sc.gov.cn/xmgk/QueryInfo/Ente/EnteList.aspx param 60 count - 0
2019-02-28 11:11:23,148 - (Thread-8) - run [INFO] success. Task url:http://jst.sc.gov.cn/xmgk/QueryInfo/Ente/EnteList.aspx param 61 count - 0
2019-02-28 11:11:24,081 - (Thread-5) - run [INFO] success. Task url:http://jst.sc.gov.cn/xmgk/QueryInfo/Ente/EnteList.aspx param 62 count - 0
2019-02-28 11:11:24,320 - (Thread-12) - run [INFO] success. Task url:http://jst.sc.gov.cn/xmgk/QueryInfo/Ente/EnteList.aspx param 63 count - 0
2019-02-28 11:11:24,612 - (Thread-11) - run [INFO] success. Task url:http://jst.sc.gov.cn/xmgk/QueryInfo/Ente/EnteList.aspx param 64 count - 0
2019-02-28 11:11:25,004 - (Thread-3) - run [INFO] success. Task url:http://jst.sc.gov.cn/xmgk/QueryInfo/Ente/EnteList.aspx param 65 count - 0
2019-02-28 11:11:25,862 - (Thread-6) - run [INFO] success. Task url:http://jst.sc.gov.cn/xmgk/QueryInfo/Ente/EnteList.aspx param 66 count - 0
2019-02-28 11:11:26,321 - (Thread-4) - run [INFO] success. Task url:http://jst.sc.gov.cn/xmgk/QueryInfo/Ente/EnteList.aspx param 67 count - 0
2019-02-28 11:11:27,187 - (Thread-7) - run [INFO] success. Task url:http://jst.sc.gov.cn/xmgk/QueryInfo/Ente/EnteList.aspx param 69 count - 0
2019-02-28 11:11:28,006 - (Thread-9) - run [INFO] success. Task url:http://jst.sc.gov.cn/xmgk/QueryInfo/Ente/EnteList.aspx param 70 count - 0
2019-02-28 11:11:28,078 - (Thread-10) - run [INFO] success. Task url:http://jst.sc.gov.cn/xmgk/QueryInfo/Ente/EnteList.aspx param 68 count - 0
2019-02-28 11:11:28,162 - (Thread-8) - run [INFO] success. Task url:http://jst.sc.gov.cn/xmgk/QueryInfo/Ente/EnteList.aspx param 71 count - 0
2019-02-28 11:11:28,824 - (Thread-5) - run [INFO] success. Task url:http://jst.sc.gov.cn/xmgk/QueryInfo/Ente/EnteList.aspx param 72 count - 0
2019-02-28 11:11:29,268 - (Thread-12) - run [INFO] success. Task url:http://jst.sc.gov.cn/xmgk/QueryInfo/Ente/EnteList.aspx param 73 count - 0
2019-02-28 11:11:29,717 - (Thread-11) - run [INFO] success. Task url:http://jst.sc.gov.cn/xmgk/QueryInfo/Ente/EnteList.aspx param 74 count - 0
2019-02-28 11:11:30,118 - (Thread-3) - run [INFO] success. Task url:http://jst.sc.gov.cn/xmgk/QueryInfo/Ente/EnteList.aspx param 75 count - 0
